Game number 1:

Player1 chose o at 00
Player2 chose x at 12
Player1 chose o at 11
Player2 chose x at 22
Player1 chose o at 01
Player2 chose x at 02
Winner of game 1: Player2

Game number 2:

Player1 chose x at 11
Player2 chose o at 22
Player1 chose x at 01
Player2 chose o at 21
Player1 chose x at 20
Player2 chose o at 12
Player1 chose x at 02
Winner of game 2: Player1

Game number 3:

Player1 chose o at 00
Player2 chose x at 12
Player1 chose o at 02
Player2 chose x at 22
Player1 chose o at 11
Player2 chose x at 21
Player1 chose o at 10
Player2 chose x at 20
Winner of game 3: Player2

After 3 games:
Player 1 won 1 times
Player 2 won 2 times

