Game number 1:

Shot number 1:
You chose 00
Hit!

Shot number 2:
You chose 01
Hit!

Shot number 3:
You chose 02
Hit!

Shot number 4:
You chose 03
Hit!

Shot number 5:
You chose 04
Hit!
You sunk the Battleship!

Shot number 6:
You chose 41
Hit!

Shot number 7:
You chose 42
Hit!

Shot number 8:
You chose 43
Hit!
You sunk the Submarine!

Shot number 9:
You chose 21
Hit!

Shot number 10:
You chose 22
Hit!
You sunk the Destroyer!

You won the game!

After 1 games:
You won: 1 times
The board looked like this: 

b b b b b 
_ _ _ _ _ 
_ d d _ _ 
_ _ _ _ _ 
_ s s s _ 

